<?xml version="1.0" encoding="UTF-8"?>
<!-- Generated by org.testng.reporters.JUnitXMLReporter -->
<testsuite hostname="IBM-DOTNET-001" name="Default test" tests="3" failures="0" timestamp="17 Jun 2021 08:38:43 GMT" time="15.701" errors="0">
  <testcase name="Login" time="10.581" classname="demos.EcommerceRestTesting"/>
  <testcase name="getalluser" time="3.242" classname="demos.EcommerceRestTesting"/>
  <testcase name="deleteauser" time="1.821" classname="demos.EcommerceRestTesting"/>
</testsuite> <!-- Default test -->
