<?xml version="1.0" encoding="UTF-8"?>
<testng-results skipped="0" failed="0" total="3" passed="3">
  <reporter-output>
  </reporter-output>
  <suite name="Default suite" duration-ms="15701" started-at="2021-06-17T08:38:27Z" finished-at="2021-06-17T08:38:42Z">
    <groups>
    </groups>
    <test name="Default test" duration-ms="15701" started-at="2021-06-17T08:38:27Z" finished-at="2021-06-17T08:38:42Z">
      <class name="demos.EcommerceRestTesting">
        <test-method status="PASS" signature="Login()[pri:0, instance:demos.EcommerceRestTesting@cc285f4]" name="Login" duration-ms="10581" started-at="2021-06-17T14:08:27Z" finished-at="2021-06-17T14:08:37Z">
          <reporter-output>
          </reporter-output>
        </test-method> <!-- Login -->
        <test-method status="PASS" signature="getalluser()[pri:1, instance:demos.EcommerceRestTesting@cc285f4]" name="getalluser" duration-ms="3242" started-at="2021-06-17T14:08:37Z" finished-at="2021-06-17T14:08:41Z">
          <reporter-output>
          </reporter-output>
        </test-method> <!-- getalluser -->
        <test-method status="PASS" signature="deleteauser()[pri:2, instance:demos.EcommerceRestTesting@cc285f4]" name="deleteauser" duration-ms="1821" started-at="2021-06-17T14:08:41Z" finished-at="2021-06-17T14:08:42Z">
          <reporter-output>
          </reporter-output>
        </test-method> <!-- deleteauser -->
      </class> <!-- demos.EcommerceRestTesting -->
    </test> <!-- Default test -->
  </suite> <!-- Default suite -->
</testng-results>
